mode: set
backend/repository/category-repository.go:17.64,21.2 1 1
backend/repository/category-repository.go:23.65,27.2 3 1
backend/repository/payment-repository.go:24.62,28.2 1 1
backend/repository/payment-repository.go:30.77,34.2 3 0
backend/repository/payment-repository.go:36.77,40.2 3 0
backend/repository/payment-repository.go:42.62,44.2 1 0
backend/repository/payment-repository.go:46.79,50.2 3 0
backend/repository/payment-repository.go:52.61,56.2 3 1
backend/repository/payment-repository.go:58.87,60.16 2 0
backend/repository/payment-repository.go:64.2,64.21 1 0
backend/repository/payment-repository.go:60.16,62.3 1 0
backend/repository/payment-repository.go:67.75,71.16 3 0
backend/repository/payment-repository.go:75.2,75.21 1 0
backend/repository/payment-repository.go:71.16,73.3 1 0
backend/repository/payment-repository.go:78.85,80.16 2 0
backend/repository/payment-repository.go:84.2,84.21 1 0
backend/repository/payment-repository.go:80.16,82.3 1 0
backend/repository/promo-repository.go:20.58,24.2 1 1
backend/repository/promo-repository.go:26.63,29.2 2 0
backend/repository/promo-repository.go:31.71,35.2 3 0
backend/repository/promo-repository.go:37.55,41.2 3 1
backend/repository/size-repository.go:17.56,21.2 1 1
backend/repository/size-repository.go:23.52,27.2 3 1
backend/repository/source-of-fund-repository.go:21.67,25.2 1 0
backend/repository/source-of-fund-repository.go:27.84,31.16 3 0
backend/repository/source-of-fund-repository.go:35.2,35.26 1 0
backend/repository/source-of-fund-repository.go:31.16,33.3 1 0
backend/repository/user-promo-repository.go:22.66,26.2 1 1
backend/repository/user-promo-repository.go:28.85,32.2 3 0
backend/repository/user-promo-repository.go:34.85,38.2 3 0
backend/repository/user-promo-repository.go:40.87,44.2 3 0
backend/repository/user-promo-repository.go:46.72,50.2 3 1
backend/repository/user-promo-repository.go:52.80,58.2 3 1
backend/repository/user-promo-repository.go:60.79,64.16 3 0
backend/repository/user-promo-repository.go:68.2,68.23 1 0
backend/repository/user-promo-repository.go:64.16,66.3 1 0
backend/repository/add-on-repository.go:17.58,21.2 1 1
backend/repository/add-on-repository.go:23.55,27.2 3 1
backend/repository/shipping-repository.go:25.64,29.2 1 1
backend/repository/shipping-repository.go:31.81,35.2 3 0
backend/repository/shipping-repository.go:37.81,41.2 3 0
backend/repository/shipping-repository.go:43.65,45.2 1 0
backend/repository/shipping-repository.go:47.83,51.2 3 0
backend/repository/shipping-repository.go:53.69,57.2 3 1
backend/repository/shipping-repository.go:59.111,71.2 6 0
backend/repository/shipping-repository.go:73.77,77.16 3 0
backend/repository/shipping-repository.go:81.2,81.22 1 0
backend/repository/shipping-repository.go:77.16,79.3 1 0
backend/repository/shipping-repository.go:84.67,88.27 3 0
backend/repository/shipping-repository.go:92.2,92.19 1 0
backend/repository/shipping-repository.go:88.27,90.3 1 0
backend/repository/transaction-repository.go:20.65,24.2 1 0
backend/repository/transaction-repository.go:26.123,34.16 6 0
backend/repository/transaction-repository.go:38.2,38.26 1 0
backend/repository/transaction-repository.go:34.16,36.3 1 0
backend/repository/transaction-repository.go:41.69,45.21 3 0
backend/repository/transaction-repository.go:49.2,49.19 1 0
backend/repository/transaction-repository.go:45.21,47.3 1 0
backend/repository/transaction-repository.go:52.100,54.16 2 0
backend/repository/transaction-repository.go:58.2,58.25 1 0
backend/repository/transaction-repository.go:54.16,56.3 1 0
backend/repository/user-repository.go:31.52,35.2 1 1
backend/repository/user-repository.go:37.68,41.2 3 0
backend/repository/user-repository.go:43.62,44.25 1 0
backend/repository/user-repository.go:52.2,53.13 2 0
backend/repository/user-repository.go:44.25,46.3 1 0
backend/repository/user-repository.go:46.8,50.3 3 0
backend/repository/user-repository.go:56.87,59.22 3 0
backend/repository/user-repository.go:62.2,62.12 1 0
backend/repository/user-repository.go:59.22,61.3 1 0
backend/repository/user-repository.go:65.72,68.2 2 0
backend/repository/user-repository.go:70.69,74.16 3 0
backend/repository/user-repository.go:78.2,78.18 1 0
backend/repository/user-repository.go:74.16,76.3 1 0
backend/repository/user-repository.go:81.65,85.2 3 0
backend/repository/user-repository.go:87.66,92.2 3 0
backend/repository/user-repository.go:94.37,96.16 2 0
backend/repository/user-repository.go:100.2,100.21 1 0
backend/repository/user-repository.go:96.16,98.37 2 0
backend/repository/user-repository.go:103.75,105.16 2 0
backend/repository/user-repository.go:109.2,109.18 1 0
backend/repository/user-repository.go:105.16,107.3 1 0
backend/repository/user-repository.go:112.52,117.2 3 1
backend/repository/user-repository.go:119.55,123.2 3 0
backend/repository/address-repository.go:24.62,28.2 1 1
backend/repository/address-repository.go:30.79,34.16 3 0
backend/repository/address-repository.go:38.2,38.21 1 0
backend/repository/address-repository.go:34.16,36.3 1 0
backend/repository/address-repository.go:41.75,45.16 3 0
backend/repository/address-repository.go:49.2,49.21 1 0
backend/repository/address-repository.go:45.16,47.3 1 0
backend/repository/address-repository.go:51.77,55.2 3 0
backend/repository/address-repository.go:57.77,61.2 3 0
backend/repository/address-repository.go:63.62,65.2 1 0
backend/repository/address-repository.go:67.79,71.2 3 0
backend/repository/address-repository.go:73.67,77.2 3 1
backend/repository/address-repository.go:79.75,83.2 3 1
